<?xml version="1.0" encoding="UTF-8"?>
<!-- Generated by org.testng.reporters.JUnitXMLReporter -->
<testsuite hostname="ASDP1580PO02037" name="Command line test" tests="6" failures="0" timestamp="2 Jul 2018 20:18:59 GMT" time="11.327" errors="0">
  <testcase name="callBasic" time="0.674" classname="testing.PageObjectTatocTestNGTest"/>
  <testcase name="callGrid" time="0.46" classname="testing.PageObjectTatocTestNGTest"/>
  <testcase name="callFrame" time="0.668" classname="testing.PageObjectTatocTestNGTest"/>
  <testcase name="callDrag" time="0.304" classname="testing.PageObjectTatocTestNGTest"/>
  <testcase name="callPop" time="1.451" classname="testing.PageObjectTatocTestNGTest"/>
  <testcase name="callCookie" time="0.216" classname="testing.PageObjectTatocTestNGTest"/>
</testsuite> <!-- Command line test -->
