<?xml version="1.0" encoding="UTF-8"?>
<testng-results skipped="0" failed="0" total="6" passed="6">
  <reporter-output>
  </reporter-output>
  <suite name="NewEmptyTestNGTest" duration-ms="9274" started-at="2018-06-23T01:29:08Z" finished-at="2018-06-23T01:29:17Z">
    <groups>
    </groups>
    <test name="Command line test" duration-ms="9274" started-at="2018-06-23T01:29:08Z" finished-at="2018-06-23T01:29:17Z">
      <class name="NewEmptyTestNGTest">
        <test-method status="PASS" signature="launchBrowser()[pri:0, instance:NewEmptyTestNGTest@7a79be86]" name="launchBrowser" is-config="true" duration-ms="4221" started-at="2018-06-23T06:59:08Z" finished-at="2018-06-23T06:59:12Z">
          <reporter-output>
          </reporter-output>
        </test-method> <!-- launchBrowser -->
        <test-method status="PASS" signature="callBasic()[pri:0, instance:NewEmptyTestNGTest@7a79be86]" name="callBasic" duration-ms="333" started-at="2018-06-23T06:59:12Z" finished-at="2018-06-23T06:59:12Z">
          <reporter-output>
          </reporter-output>
        </test-method> <!-- callBasic -->
        <test-method status="PASS" signature="callGrid()[pri:0, instance:NewEmptyTestNGTest@7a79be86]" name="callGrid" duration-ms="264" started-at="2018-06-23T06:59:12Z" depends-on-methods="NewEmptyTestNGTest.callBasic" finished-at="2018-06-23T06:59:13Z">
          <reporter-output>
          </reporter-output>
        </test-method> <!-- callGrid -->
        <test-method status="PASS" signature="callFrame()[pri:0, instance:NewEmptyTestNGTest@7a79be86]" name="callFrame" duration-ms="1899" started-at="2018-06-23T06:59:13Z" depends-on-methods="NewEmptyTestNGTest.callGrid" finished-at="2018-06-23T06:59:14Z">
          <reporter-output>
          </reporter-output>
        </test-method> <!-- callFrame -->
        <test-method status="PASS" signature="callDrag()[pri:0, instance:NewEmptyTestNGTest@7a79be86]" name="callDrag" duration-ms="298" started-at="2018-06-23T06:59:14Z" depends-on-methods="NewEmptyTestNGTest.callFrame" finished-at="2018-06-23T06:59:15Z">
          <reporter-output>
          </reporter-output>
        </test-method> <!-- callDrag -->
        <test-method status="PASS" signature="callPop()[pri:0, instance:NewEmptyTestNGTest@7a79be86]" name="callPop" duration-ms="1424" started-at="2018-06-23T06:59:15Z" depends-on-methods="NewEmptyTestNGTest.callDrag" finished-at="2018-06-23T06:59:16Z">
          <reporter-output>
          </reporter-output>
        </test-method> <!-- callPop -->
        <test-method status="PASS" signature="callCookie()[pri:0, instance:NewEmptyTestNGTest@7a79be86]" name="callCookie" duration-ms="207" started-at="2018-06-23T06:59:16Z" depends-on-methods="NewEmptyTestNGTest.callPop" finished-at="2018-06-23T06:59:16Z">
          <reporter-output>
          </reporter-output>
        </test-method> <!-- callCookie -->
        <test-method status="PASS" signature="closeBrowser()[pri:0, instance:NewEmptyTestNGTest@7a79be86]" name="closeBrowser" is-config="true" duration-ms="618" started-at="2018-06-23T06:59:16Z" finished-at="2018-06-23T06:59:17Z">
          <reporter-output>
          </reporter-output>
        </test-method> <!-- closeBrowser -->
      </class> <!-- NewEmptyTestNGTest -->
    </test> <!-- Command line test -->
  </suite> <!-- NewEmptyTestNGTest -->
</testng-results>
