<?xml version="1.0" encoding="UTF-8"?>
<!-- Generated by org.testng.reporters.JUnitXMLReporter -->
<testsuite hostname="ASDP1580PO02037" tests="6" failures="0" timestamp="23 Jun 2018 01:29:17 GMT" time="9.274" errors="0">
  <testcase name="callBasic" time="0.333" classname="NewEmptyTestNGTest"/>
  <testcase name="callGrid" time="0.264" classname="NewEmptyTestNGTest"/>
  <testcase name="callFrame" time="1.899" classname="NewEmptyTestNGTest"/>
  <testcase name="callDrag" time="0.298" classname="NewEmptyTestNGTest"/>
  <testcase name="callPop" time="1.424" classname="NewEmptyTestNGTest"/>
  <testcase name="callCookie" time="0.207" classname="NewEmptyTestNGTest"/>
</testsuite>
