<?xml version="1.0" encoding="UTF-8"?>
<!-- Generated by org.testng.reporters.JUnitXMLReporter -->
<testsuite hostname="ASDP1580PO02037" tests="6" failures="0" timestamp="27 Jun 2018 01:21:32 GMT" time="8.743" errors="0">
  <testcase name="callBasic" time="0.388" classname="NewEmptyTestNGTest"/>
  <testcase name="callGrid" time="0.187" classname="NewEmptyTestNGTest"/>
  <testcase name="callFrame" time="1.798" classname="NewEmptyTestNGTest"/>
  <testcase name="callDrag" time="0.249" classname="NewEmptyTestNGTest"/>
  <testcase name="callPop" time="1.405" classname="NewEmptyTestNGTest"/>
  <testcase name="callCookie" time="0.198" classname="NewEmptyTestNGTest"/>
</testsuite>
